#
# A fatal error has been detected by the Java Runtime Environment:
#
#  EXCEPTION_ACCESS_VIOLATION (0xc0000005) at pc=0x04723cc5, pid=6760, tid=8092
#
# JRE version: 7.0_25-b17
# Java VM: Java HotSpot(TM) Client VM (23.25-b01 mixed mode, sharing windows-x86 )
# Problematic frame:
# C  [packet.dll+0x3cc5]  PacketReceivePacket+0x5
#
# Failed to write core dump. Minidumps are not enabled by default on client versions of Windows
#
# If you would like to submit a bug report, please visit:
#   http://bugreport.sun.com/bugreport/crash.jsp
# The crash happened outside the Java Virtual Machine in native code.
# See problematic frame for where to report the bug.
#

---------------  T H R E A D  ---------------

Current thread (0x04a6ec00):  JavaThread "Thread-2" [_thread_in_native, id=8092, stack(0x05fa0000,0x05ff0000)]

siginfo: ExceptionCode=0xc0000005, reading address 0x00000160

Registers:
EAX=0x00000000, EBX=0x05c71990, ECX=0x00000000, EDX=0x046e5bf0
ESP=0x05fef740, EBP=0x05fef788, ESI=0x00000000, EDI=0x00000000
EIP=0x04723cc5, EFLAGS=0x00010246

Top of Stack: (sp=0x05fef740)
0x05fef740:   05c71990 046e5c26 00000000 00000000
0x05fef750:   00000001 ffffffff 05c71990 05fef7b0
0x05fef760:   00000000 046e6900 05c71990 ffffffff
0x05fef770:   63b4577c 05fef7b0 04a6ec00 33d08cd0
0x05fef780:   33d08cd0 163d5ddc 05fef808 63b41fdc
0x05fef790:   05c71990 ffffffff 63b4577c 05fef7b0
0x05fef7a0:   04965784 59a9808c 04903478 000000b4
0x05fef7b0:   05c71990 00ccefb0 04a6ed28 05fef888 

Instructions: (pc=0x04723cc5)
0x04723ca5:   4c 24 08 8b 54 24 0c 89 48 18 33 c9 89 50 1c 89
0x04723cb5:   48 20 88 48 24 c3 cc cc cc cc cc 56 8b 74 24 08
0x04723cc5:   8b 86 60 01 00 00 83 f8 10 75 3c 8b 46 4c 83 f8
0x04723cd5:   ff 74 12 85 c0 75 03 83 c8 ff 50 8b 46 48 50 ff 


Register to memory mapping:

EAX=0x00000000 is an unknown value
EBX=0x05c71990 is an unknown value
ECX=0x00000000 is an unknown value
EDX=0x046e5bf0 is an unknown value
ESP=0x05fef740 is pointing into the stack for thread: 0x04a6ec00
EBP=0x05fef788 is pointing into the stack for thread: 0x04a6ec00
ESI=0x00000000 is an unknown value
EDI=0x00000000 is an unknown value


Stack: [0x05fa0000,0x05ff0000],  sp=0x05fef740,  free space=317k
Native frames: (J=compiled Java code, j=interpreted, Vv=VM code, C=native code)
C  [packet.dll+0x3cc5]  PacketReceivePacket+0x5
C  [jnetpcap.dll+0x1fdc]  Java_org_jnetpcap_Pcap_loop__IILorg_jnetpcap_packet_PcapPacketHandler_2Ljava_lang_Object_2Lorg_jnetpcap_packet_JPacket_2Lorg_jnetpcap_packet_JPacket_00024State_2Lorg_jnetpcap_PcapHeader_2Lorg_jnetpcap_packet_JScanner_2+0xc6
j  org.jnetpcap.Pcap.loop(IILorg/jnetpcap/packet/PcapPacketHandler;Ljava/lang/Object;Lorg/jnetpcap/packet/JPacket;Lorg/jnetpcap/packet/JPacket$State;Lorg/jnetpcap/PcapHeader;Lorg/jnetpcap/packet/JScanner;)I+0
j  org.jnetpcap.Pcap.loop(ILorg/jnetpcap/packet/PcapPacketHandler;Ljava/lang/Object;)I+35
j  cs492finalproject.MainFrame$5.run()V+212
v  ~StubRoutines::call_stub
V  [jvm.dll+0x124afa]
V  [jvm.dll+0x1d224e]
V  [jvm.dll+0x124caf]
V  [jvm.dll+0x124d17]
V  [jvm.dll+0xcf06f]
V  [jvm.dll+0x144447]
V  [jvm.dll+0x1445b0]
V  [jvm.dll+0x177bb9]
C  [msvcr100.dll+0x5c6de]  endthreadex+0x3a
C  [msvcr100.dll+0x5c788]  endthreadex+0xe4
C  [kernel32.dll+0x4ee1c]  BaseThreadInitThunk+0x12
C  [ntdll.dll+0x637eb]  RtlInitializeExceptionChain+0xef
C  [ntdll.dll+0x637be]  RtlInitializeExceptionChain+0xc2

Java frames: (J=compiled Java code, j=interpreted, Vv=VM code)
j  org.jnetpcap.Pcap.loop(IILorg/jnetpcap/packet/PcapPacketHandler;Ljava/lang/Object;Lorg/jnetpcap/packet/JPacket;Lorg/jnetpcap/packet/JPacket$State;Lorg/jnetpcap/PcapHeader;Lorg/jnetpcap/packet/JScanner;)I+0
j  org.jnetpcap.Pcap.loop(ILorg/jnetpcap/packet/PcapPacketHandler;Ljava/lang/Object;)I+35
j  cs492finalproject.MainFrame$5.run()V+212
v  ~StubRoutines::call_stub

---------------  P R O C E S S  ---------------

Java Threads: ( => current thread )
=>0x04a6ec00 JavaThread "Thread-2" [_thread_in_native, id=8092, stack(0x05fa0000,0x05ff0000)]
  0x0496cc00 JavaThread "DisposableGC" daemon [_thread_blocked, id=8020, stack(0x05b00000,0x05b50000)]
  0x00dbc800 JavaThread "TimerQueue" daemon [_thread_blocked, id=7048, stack(0x04750000,0x047a0000)]
  0x00cd3400 JavaThread "DestroyJavaVM" [_thread_blocked, id=5672, stack(0x00620000,0x00670000)]
  0x00ccd800 JavaThread "AWT-EventQueue-0" [_thread_blocked, id=3468, stack(0x04360000,0x043b0000)]
  0x00c41000 JavaThread "AWT-Windows" daemon [_thread_in_native, id=7276, stack(0x03ca0000,0x03cf0000)]
  0x00c40800 JavaThread "AWT-Shutdown" [_thread_blocked, id=6492, stack(0x009e0000,0x00a30000)]
  0x00c3cc00 JavaThread "Java2D Disposer" daemon [_thread_blocked, id=4136, stack(0x03a60000,0x03ab0000)]
  0x00bc3000 JavaThread "Service Thread" daemon [_thread_blocked, id=7332, stack(0x03b90000,0x03be0000)]
  0x007cf000 JavaThread "C1 CompilerThread0" daemon [_thread_blocked, id=2684, stack(0x03a00000,0x03a50000)]
  0x00bc2400 JavaThread "Attach Listener" daemon [_thread_blocked, id=6900, stack(0x00a80000,0x00ad0000)]
  0x007cdc00 JavaThread "Signal Dispatcher" daemon [_thread_blocked, id=4284, stack(0x00930000,0x00980000)]
  0x00795c00 JavaThread "Finalizer" daemon [_thread_blocked, id=3520, stack(0x00ae0000,0x00b30000)]
  0x00794000 JavaThread "Reference Handler" daemon [_thread_blocked, id=6480, stack(0x00b70000,0x00bc0000)]

Other Threads:
  0x00791000 VMThread [stack: 0x00990000,0x009e0000] [id=6388]
  0x00bd6c00 WatcherThread [stack: 0x03ad0000,0x03b20000] [id=1920]

VM state:not at safepoint (normal execution)

VM Mutex/Monitor currently owned by a thread: None

Heap
 def new generation   total 4928K, used 2753K [0x23af0000, 0x24040000, 0x29040000)
  eden space 4416K,  60% used [0x23af0000, 0x23d88e00, 0x23f40000)
  from space 512K,  18% used [0x23fc0000, 0x23fd79a0, 0x24040000)
  to   space 512K,   0% used [0x23f40000, 0x23f40000, 0x23fc0000)
 tenured generation   total 10944K, used 3677K [0x29040000, 0x29af0000, 0x33af0000)
   the space 10944K,  33% used [0x29040000, 0x293d7768, 0x293d7800, 0x29af0000)
 compacting perm gen  total 12288K, used 3284K [0x33af0000, 0x346f0000, 0x37af0000)
   the space 12288K,  26% used [0x33af0000, 0x33e25038, 0x33e25200, 0x346f0000)
    ro space 10240K,  45% used [0x37af0000, 0x37f79b28, 0x37f79c00, 0x384f0000)
    rw space 12288K,  54% used [0x384f0000, 0x38b7d0e8, 0x38b7d200, 0x390f0000)

Card table byte_map: [0x00880000,0x00930000] byte_map_base: 0x00762880

Polling page: 0x00490000

Code Cache  [0x01a00000, 0x01b90000, 0x03a00000)
 total_blobs=971 nmethods=731 adapters=174 free_code_cache=31172Kb largest_free_block=31920576

Compilation events (10 events):
Event: 16.922 Thread 0x007cf000  727             javax.swing.text.Segment::next (41 bytes)
Event: 16.923 Thread 0x007cf000 nmethod 727 0x01b8dd08 code [0x01b8de10, 0x01b8decc]
Event: 16.923 Thread 0x007cf000  728             javax.swing.text.WrappedPlainView$WrappedLine::getPreferredSpan (119 bytes)
Event: 16.924 Thread 0x007cf000 nmethod 728 0x01b8df48 code [0x01b8e0d0, 0x01b8e454]
Event: 16.924 Thread 0x007cf000  729             javax.swing.text.GapContent$MarkData::getOffset (46 bytes)
Event: 16.925 Thread 0x007cf000 nmethod 729 0x01b8e708 code [0x01b8e800, 0x01b8e8a0]
Event: 16.925 Thread 0x007cf000  730             javax.swing.text.GapContent$StickyPosition::getOffset (8 bytes)
Event: 16.925 Thread 0x007cf000 nmethod 730 0x01b8e908 code [0x01b8ea10, 0x01b8eaac]
Event: 16.938 Thread 0x007cf000  731             java.awt.Component::isFocusOwner (5 bytes)
Event: 16.939 Thread 0x007cf000 nmethod 731 0x01b8eb48 code [0x01b8ec60, 0x01b8ed34]

GC Heap History (10 events):
Event: 1.932 GC heap before
{Heap before GC invocations=0 (full 0):
 def new generation   total 4928K, used 3315K [0x23af0000, 0x24040000, 0x29040000)
  eden space 4416K,  75% used [0x23af0000, 0x23e2cc08, 0x23f40000)
  from space 512K,   0% used [0x23f40000, 0x23f40000, 0x23fc0000)
  to   space 512K,   0% used [0x23fc0000, 0x23fc0000, 0x24040000)
 tenured generation   total 10944K, used 0K [0x29040000, 0x29af0000, 0x33af0000)
   the space 10944K,   0% used [0x29040000, 0x29040000, 0x29040200, 0x29af0000)
 compacting perm gen  total 12288K, used 1975K [0x33af0000, 0x346f0000, 0x37af0000)
   the space 12288K,  16% used [0x33af0000, 0x33cddd88, 0x33cdde00, 0x346f0000)
    ro space 10240K,  45% used [0x37af0000, 0x37f79b28, 0x37f79c00, 0x384f0000)
    rw space 12288K,  54% used [0x384f0000, 0x38b7d0e8, 0x38b7d200, 0x390f0000)
Event: 1.948 GC heap after
Heap after GC invocations=1 (full 0):
 def new generation   total 4928K, used 512K [0x23af0000, 0x24040000, 0x29040000)
  eden space 4416K,   0% used [0x23af0000, 0x23af0000, 0x23f40000)
  from space 512K, 100% used [0x23fc0000, 0x24040000, 0x24040000)
  to   space 512K,   0% used [0x23f40000, 0x23f40000, 0x23fc0000)
 tenured generation   total 10944K, used 724K [0x29040000, 0x29af0000, 0x33af0000)
   the space 10944K,   6% used [0x29040000, 0x290f5048, 0x290f5200, 0x29af0000)
 compacting perm gen  total 12288K, used 1975K [0x33af0000, 0x346f0000, 0x37af0000)
   the space 12288K,  16% used [0x33af0000, 0x33cddd88, 0x33cdde00, 0x346f0000)
    ro space 10240K,  45% used [0x37af0000, 0x37f79b28, 0x37f79c00, 0x384f0000)
    rw space 12288K,  54% used [0x384f0000, 0x38b7d0e8, 0x38b7d200, 0x390f0000)
}
Event: 3.208 GC heap before
{Heap before GC invocations=1 (full 0):
 def new generation   total 4928K, used 4928K [0x23af0000, 0x24040000, 0x29040000)
  eden space 4416K, 100% used [0x23af0000, 0x23f40000, 0x23f40000)
  from space 512K, 100% used [0x23fc0000, 0x24040000, 0x24040000)
  to   space 512K,   0% used [0x23f40000, 0x23f40000, 0x23fc0000)
 tenured generation   total 10944K, used 724K [0x29040000, 0x29af0000, 0x33af0000)
   the space 10944K,   6% used [0x29040000, 0x290f5048, 0x290f5200, 0x29af0000)
 compacting perm gen  total 12288K, used 2460K [0x33af0000, 0x346f0000, 0x37af0000)
   the space 12288K,  20% used [0x33af0000, 0x33d57048, 0x33d57200, 0x346f0000)
    ro space 10240K,  45% used [0x37af0000, 0x37f79b28, 0x37f79c00, 0x384f0000)
    rw space 12288K,  54% used [0x384f0000, 0x38b7d0e8, 0x38b7d200, 0x390f0000)
Event: 3.216 GC heap after
Heap after GC invocations=2 (full 0):
 def new generation   total 4928K, used 466K [0x23af0000, 0x24040000, 0x29040000)
  eden space 4416K,   0% used [0x23af0000, 0x23af0000, 0x23f40000)
  from space 512K,  91% used [0x23f40000, 0x23fb4b98, 0x23fc0000)
  to   space 512K,   0% used [0x23fc0000, 0x23fc0000, 0x24040000)
 tenured generation   total 10944K, used 2605K [0x29040000, 0x29af0000, 0x33af0000)
   the space 10944K,  23% used [0x29040000, 0x292cb5d0, 0x292cb600, 0x29af0000)
 compacting perm gen  total 12288K, used 2460K [0x33af0000, 0x346f0000, 0x37af0000)
   the space 12288K,  20% used [0x33af0000, 0x33d57048, 0x33d57200, 0x346f0000)
    ro space 10240K,  45% used [0x37af0000, 0x37f79b28, 0x37f79c00, 0x384f0000)
    rw space 12288K,  54% used [0x384f0000, 0x38b7d0e8, 0x38b7d200, 0x390f0000)
}
Event: 4.381 GC heap before
{Heap before GC invocations=2 (full 0):
 def new generation   total 4928K, used 4882K [0x23af0000, 0x24040000, 0x29040000)
  eden space 4416K, 100% used [0x23af0000, 0x23f40000, 0x23f40000)
  from space 512K,  91% used [0x23f40000, 0x23fb4b98, 0x23fc0000)
  to   space 512K,   0% used [0x23fc0000, 0x23fc0000, 0x24040000)
 tenured generation   total 10944K, used 2605K [0x29040000, 0x29af0000, 0x33af0000)
   the space 10944K,  23% used [0x29040000, 0x292cb5d0, 0x292cb600, 0x29af0000)
 compacting perm gen  total 12288K, used 2844K [0x33af0000, 0x346f0000, 0x37af0000)
   the space 12288K,  23% used [0x33af0000, 0x33db7220, 0x33db7400, 0x346f0000)
    ro space 10240K,  45% used [0x37af0000, 0x37f79b28, 0x37f79c00, 0x384f0000)
    rw space 12288K,  54% used [0x384f0000, 0x38b7d0e8, 0x38b7d200, 0x390f0000)
Event: 4.387 GC heap after
Heap after GC invocations=3 (full 0):
 def new generation   total 4928K, used 512K [0x23af0000, 0x24040000, 0x29040000)
  eden space 4416K,   0% used [0x23af0000, 0x23af0000, 0x23f40000)
  from space 512K, 100% used [0x23fc0000, 0x24040000, 0x24040000)
  to   space 512K,   0% used [0x23f40000, 0x23f40000, 0x23fc0000)
 tenured generation   total 10944K, used 3067K [0x29040000, 0x29af0000, 0x33af0000)
   the space 10944K,  28% used [0x29040000, 0x2933ecd0, 0x2933ee00, 0x29af0000)
 compacting perm gen  total 12288K, used 2844K [0x33af0000, 0x346f0000, 0x37af0000)
   the space 12288K,  23% used [0x33af0000, 0x33db7220, 0x33db7400, 0x346f0000)
    ro space 10240K,  45% used [0x37af0000, 0x37f79b28, 0x37f79c00, 0x384f0000)
    rw space 12288K,  54% used [0x384f0000, 0x38b7d0e8, 0x38b7d200, 0x390f0000)
}
Event: 4.551 GC heap before
{Heap before GC invocations=3 (full 0):
 def new generation   total 4928K, used 4928K [0x23af0000, 0x24040000, 0x29040000)
  eden space 4416K, 100% used [0x23af0000, 0x23f40000, 0x23f40000)
  from space 512K, 100% used [0x23fc0000, 0x24040000, 0x24040000)
  to   space 512K,   0% used [0x23f40000, 0x23f40000, 0x23fc0000)
 tenured generation   total 10944K, used 3067K [0x29040000, 0x29af0000, 0x33af0000)
   the space 10944K,  28% used [0x29040000, 0x2933ecd0, 0x2933ee00, 0x29af0000)
 compacting perm gen  total 12288K, used 3136K [0x33af0000, 0x346f0000, 0x37af0000)
   the space 12288K,  25% used [0x33af0000, 0x33e00050, 0x33e00200, 0x346f0000)
    ro space 10240K,  45% used [0x37af0000, 0x37f79b28, 0x37f79c00, 0x384f0000)
    rw space 12288K,  54% used [0x384f0000, 0x38b7d0e8, 0x38b7d200, 0x390f0000)
Event: 4.555 GC heap after
Heap after GC invocations=4 (full 0):
 def new generation   total 4928K, used 505K [0x23af0000, 0x24040000, 0x29040000)
  eden space 4416K,   0% used [0x23af0000, 0x23af0000, 0x23f40000)
  from space 512K,  98% used [0x23f40000, 0x23fbe458, 0x23fc0000)
  to   space 512K,   0% used [0x23fc0000, 0x23fc0000, 0x24040000)
 tenured generation   total 10944K, used 3392K [0x29040000, 0x29af0000, 0x33af0000)
   the space 10944K,  30% used [0x29040000, 0x29390188, 0x29390200, 0x29af0000)
 compacting perm gen  total 12288K, used 3136K [0x33af0000, 0x346f0000, 0x37af0000)
   the space 12288K,  25% used [0x33af0000, 0x33e00050, 0x33e00200, 0x346f0000)
    ro space 10240K,  45% used [0x37af0000, 0x37f79b28, 0x37f79c00, 0x384f0000)
    rw space 12288K,  54% used [0x384f0000, 0x38b7d0e8, 0x38b7d200, 0x390f0000)
}
Event: 6.948 GC heap before
{Heap before GC invocations=4 (full 0):
 def new generation   total 4928K, used 4921K [0x23af0000, 0x24040000, 0x29040000)
  eden space 4416K, 100% used [0x23af0000, 0x23f40000, 0x23f40000)
  from space 512K,  98% used [0x23f40000, 0x23fbe458, 0x23fc0000)
  to   space 512K,   0% used [0x23fc0000, 0x23fc0000, 0x24040000)
 tenured generation   total 10944K, used 3392K [0x29040000, 0x29af0000, 0x33af0000)
   the space 10944K,  30% used [0x29040000, 0x29390188, 0x29390200, 0x29af0000)
 compacting perm gen  total 12288K, used 3147K [0x33af0000, 0x346f0000, 0x37af0000)
   the space 12288K,  25% used [0x33af0000, 0x33e02f28, 0x33e03000, 0x346f0000)
    ro space 10240K,  45% used [0x37af0000, 0x37f79b28, 0x37f79c00, 0x384f0000)
    rw space 12288K,  54% used [0x384f0000, 0x38b7d0e8, 0x38b7d200, 0x390f0000)
Event: 6.956 GC heap after
Heap after GC invocations=5 (full 0):
 def new generation   total 4928K, used 94K [0x23af0000, 0x24040000, 0x29040000)
  eden space 4416K,   0% used [0x23af0000, 0x23af0000, 0x23f40000)
  from space 512K,  18% used [0x23fc0000, 0x23fd79a0, 0x24040000)
  to   space 512K,   0% used [0x23f40000, 0x23f40000, 0x23fc0000)
 tenured generation   total 10944K, used 3677K [0x29040000, 0x29af0000, 0x33af0000)
   the space 10944K,  33% used [0x29040000, 0x293d7768, 0x293d7800, 0x29af0000)
 compacting perm gen  total 12288K, used 3147K [0x33af0000, 0x346f0000, 0x37af0000)
   the space 12288K,  25% used [0x33af0000, 0x33e02f28, 0x33e03000, 0x346f0000)
    ro space 10240K,  45% used [0x37af0000, 0x37f79b28, 0x37f79c00, 0x384f0000)
    rw space 12288K,  54% used [0x384f0000, 0x38b7d0e8, 0x38b7d200, 0x390f0000)
}

Deoptimization events (0 events):
No events

Internal exceptions (10 events):
Event: 4.533 Thread 0x04a6ec00 Threw 0x23edea28 at C:\jdk7u2_32P\jdk7u25\hotspot\src\share\vm\prims\jvm.cpp:1235
Event: 4.535 Thread 0x04a6ec00 Threw 0x23ee1830 at C:\jdk7u2_32P\jdk7u25\hotspot\src\share\vm\prims\jvm.cpp:1235
Event: 4.538 Thread 0x04a6ec00 Threw 0x23ee76d0 at C:\jdk7u2_32P\jdk7u25\hotspot\src\share\vm\prims\jvm.cpp:1235
Event: 4.538 Thread 0x04a6ec00 Threw 0x23eea748 at C:\jdk7u2_32P\jdk7u25\hotspot\src\share\vm\prims\jvm.cpp:1235
Event: 4.539 Thread 0x04a6ec00 Threw 0x23eecde0 at C:\jdk7u2_32P\jdk7u25\hotspot\src\share\vm\prims\jvm.cpp:1235
Event: 4.544 Thread 0x04a6ec00 Threw 0x23f02228 at C:\jdk7u2_32P\jdk7u25\hotspot\src\share\vm\prims\jvm.cpp:1235
Event: 4.544 Thread 0x04a6ec00 Threw 0x23f05d68 at C:\jdk7u2_32P\jdk7u25\hotspot\src\share\vm\prims\jvm.cpp:1235
Event: 4.545 Thread 0x04a6ec00 Threw 0x23f081f0 at C:\jdk7u2_32P\jdk7u25\hotspot\src\share\vm\prims\jvm.cpp:1235
Event: 4.550 Thread 0x04a6ec00 Threw 0x23f3d7c0 at C:\jdk7u2_32P\jdk7u25\hotspot\src\share\vm\prims\jvm.cpp:1235
Event: 4.550 Thread 0x04a6ec00 Threw 0x23f3fd90 at C:\jdk7u2_32P\jdk7u25\hotspot\src\share\vm\prims\jvm.cpp:1235

Events (10 events):
Event: 14.639 loading class 0x06123c78 done
Event: 14.639 loading class 0x0490ef28 done
Event: 14.641 loading class 0x391fc620
Event: 14.641 loading class 0x391fc620 done
Event: 15.897 loading class 0x391a0c38
Event: 15.897 loading class 0x391a0c38 done
Event: 16.904 Thread 0x00c8c400 Thread added: 0x00c8c400
Event: 16.907 Executing VM operation: RevokeBias
Event: 16.908 Executing VM operation: RevokeBias done
Event: 16.908 Thread 0x00c8c400 Thread exited: 0x00c8c400


Dynamic libraries:
0x00dd0000 - 0x00dff000 	C:\Program Files\Java\jdk1.7.0_25\bin\java.exe
0x76dc0000 - 0x76efc000 	C:\Windows\SYSTEM32\ntdll.dll
0x75580000 - 0x75654000 	C:\Windows\system32\kernel32.dll
0x74f60000 - 0x74fab000 	C:\Windows\system32\KERNELBASE.dll
0x754c0000 - 0x75560000 	C:\Windows\system32\ADVAPI32.dll
0x752e0000 - 0x7538c000 	C:\Windows\system32\msvcrt.dll
0x75880000 - 0x75899000 	C:\Windows\SYSTEM32\sechost.dll
0x75230000 - 0x752d2000 	C:\Windows\system32\RPCRT4.dll
0x758a0000 - 0x75969000 	C:\Windows\system32\USER32.dll
0x76fa0000 - 0x76fee000 	C:\Windows\system32\GDI32.dll
0x76f30000 - 0x76f3a000 	C:\Windows\system32\LPK.dll
0x75a80000 - 0x75b1d000 	C:\Windows\system32\USP10.dll
0x73b90000 - 0x73d2e000 	C:\Windows\WinSxS\x86_microsoft.windows.common-controls_6595b64144ccf1df_6.0.7601.17514_none_41e6975e2bd6f2b2\COMCTL32.dll
0x75db0000 - 0x75e07000 	C:\Windows\system32\SHLWAPI.dll
0x74d10000 - 0x74d5c000 	C:\Windows\system32\apphelp.dll
0x539e0000 - 0x53c39000 	C:\Windows\AppPatch\AcXtrnal.DLL
0x75560000 - 0x7557f000 	C:\Windows\system32\IMM32.DLL
0x75160000 - 0x7522c000 	C:\Windows\system32\MSCTF.dll
0x70e80000 - 0x70f3e000 	C:\Program Files\Java\jdk1.7.0_25\jre\bin\msvcr100.dll
0x59820000 - 0x59b62000 	C:\Program Files\Java\jdk1.7.0_25\jre\bin\client\jvm.dll
0x744f0000 - 0x744f7000 	C:\Windows\system32\WSOCK32.dll
0x75d70000 - 0x75da5000 	C:\Windows\system32\WS2_32.dll
0x75140000 - 0x75146000 	C:\Windows\system32\NSI.dll
0x72bf0000 - 0x72c22000 	C:\Windows\system32\WINMM.dll
0x76f90000 - 0x76f95000 	C:\Windows\system32\PSAPI.DLL
0x728e0000 - 0x728ec000 	C:\Program Files\Java\jdk1.7.0_25\jre\bin\verify.dll
0x728c0000 - 0x728e0000 	C:\Program Files\Java\jdk1.7.0_25\jre\bin\java.dll
0x728a0000 - 0x728b3000 	C:\Program Files\Java\jdk1.7.0_25\jre\bin\zip.dll
0x62d30000 - 0x62e74000 	C:\Program Files\Java\jdk1.7.0_25\jre\bin\awt.dll
0x759f0000 - 0x75a7f000 	C:\Windows\system32\OLEAUT32.dll
0x76c60000 - 0x76dbc000 	C:\Windows\system32\ole32.dll
0x73b50000 - 0x73b90000 	C:\Windows\system32\uxtheme.dll
0x73660000 - 0x73673000 	C:\Windows\system32\dwmapi.dll
0x74d60000 - 0x74d6c000 	C:\Windows\system32\CRYPTBASE.dll
0x75fb0000 - 0x76bfa000 	C:\Windows\system32\SHELL32.dll
0x71d10000 - 0x71d41000 	C:\Program Files\Java\jdk1.7.0_25\jre\bin\fontmanager.dll
0x71d50000 - 0x71d64000 	C:\Program Files\Java\jdk1.7.0_25\jre\bin\net.dll
0x74810000 - 0x7484c000 	C:\Windows\system32\mswsock.dll
0x74800000 - 0x74806000 	C:\Windows\System32\wship6.dll
0x729a0000 - 0x729af000 	C:\Program Files\Java\jdk1.7.0_25\jre\bin\nio.dll
0x71ce0000 - 0x71d10000 	C:\Program Files\Java\jdk1.7.0_25\jre\bin\t2k.dll
0x75b20000 - 0x75ba3000 	C:\Windows\system32\CLBCatQ.DLL
0x73500000 - 0x73630000 	C:\Windows\system32\WindowsCodecs.dll
0x6e840000 - 0x6e847000 	C:\Windows\system32\msiltcfg.dll
0x744e0000 - 0x744e9000 	C:\Windows\system32\VERSION.dll
0x6e850000 - 0x6ea90000 	C:\Windows\system32\msi.dll
0x10000000 - 0x10020000 	C:\Program Files\Dell\Dell Data Protection\Access\Advanced\Wave\Trusted Drive Manager\TdmIconOverlay.dll
0x6d700000 - 0x6d78e000 	C:\Windows\WinSxS\x86_microsoft.vc90.crt_1fc8b3b9a1e18e3b_9.0.30729.6161_none_50934f2ebcb7eb57\MSVCP90.dll
0x72370000 - 0x72413000 	C:\Windows\WinSxS\x86_microsoft.vc90.crt_1fc8b3b9a1e18e3b_9.0.30729.6161_none_50934f2ebcb7eb57\MSVCR90.dll
0x6ea90000 - 0x6eabb000 	C:\Windows\WinSxS\x86_microsoft.vc90.atl_1fc8b3b9a1e18e3b_9.0.30729.6161_none_51cd0a7abbe4e19b\ATL90.DLL
0x64560000 - 0x64591000 	C:\Windows\system32\EhStorShell.dll
0x75e10000 - 0x75fad000 	C:\Windows\system32\SETUPAPI.dll
0x75110000 - 0x75137000 	C:\Windows\system32\CFGMGR32.dll
0x74f10000 - 0x74f22000 	C:\Windows\system32\DEVOBJ.dll
0x73680000 - 0x73775000 	C:\Windows\system32\PROPSYS.dll
0x630e0000 - 0x6316f000 	C:\Program Files\Google\Drive\googledrivesync32.dll
0x628c0000 - 0x62cc6000 	C:\PROGRA~1\MICROS~1\Office14\GROOVEEX.DLL
0x624a0000 - 0x628ba000 	C:\PROGRA~1\COMMON~1\MICROS~1\OFFICE14\Cultures\office.odf
0x61c30000 - 0x62495000 	C:\PROGRA~1\MICROS~1\Office14\1033\GrooveIntlResource.dll
0x713d0000 - 0x713f4000 	C:\Program Files\Java\jdk1.7.0_25\jre\bin\dcpr.dll
0x63b40000 - 0x63ba9000 	C:\Users\jbristol\Downloads\jnetpcap-1.4.r1425\jnetpcap.dll
0x046d0000 - 0x0471c000 	C:\Windows\system32\wpcap.dll
0x04720000 - 0x04738000 	C:\Windows\system32\packet.dll
0x71f40000 - 0x71f5c000 	C:\Windows\system32\iphlpapi.dll
0x71f20000 - 0x71f27000 	C:\Windows\system32\WINNSI.DLL
0x00a50000 - 0x00a57000 	C:\Users\jbristol\Downloads\jnetpcap-1.4.r1425\jnetpcap-pcap100.dll
0x72850000 - 0x72862000 	C:\Windows\system32\dhcpcsvc.DLL
0x72840000 - 0x7284d000 	C:\Windows\system32\dhcpcsvc6.DLL
0x6ece0000 - 0x6edcb000 	C:\Windows\system32\dbghelp.dll

VM Arguments:
jvm_args: -Dfile.encoding=UTF-8 -Djava.library.path=C:\Users\jbristol\Downloads\jnetpcap-1.4.r1425 
java_command: cs492finalproject.MainFrame
Launcher Type: SUN_STANDARD

Environment Variables:
PATH=C:\Program Files\Dell\DW WLAN Card;;C:\RailsInstaller\Git\cmd;C:\RailsInstaller\Ruby1.9.3\bin;C:\Program Files\Intel\iCLS Client\;C:\Program Files\Common Files\Microsoft Shared\Windows Live;;C:\Windows\system32;C:\Windows;C:\Windows\System32\Wbem;C:\Windows\System32\WindowsPowerShell\v1.0\;C:\Program Files\Dell\Dell Data Protection\Access\Advanced\Wave\Gemalto\Access Client\v5\;C:\Program Files\NTRU Cryptosystems\NTRU TCG Software Stack\bin\;C:\Program Files\Windows Live\Shared;C:\Program Files\Intel\Intel(R) Management Engine Components\DAL;C:\Program Files\Intel\Intel(R) Management Engine Components\IPT;C:\Program Files\Microsoft\Web Platform Installer\;C:\Program Files\Microsoft ASP.NET\ASP.NET Web Pages\v1.0\;C:\Program Files\Windows Kits\8.0\Windows Performance Toolkit\;C:\Program Files\Microsoft SQL Server\110\Tools\Binn\;C:\Program Files\Microsoft SQL Server\110\DTS\Binn\;C:\Program Files\Microsoft SQL Server\110\Tools\Binn\ManagementStudio\;C:\Program Files\PharosSystems\Core;C:\Program Files\Intel\OpenCL SDK\2.0\bin\x86;c:\iverilog\bin;C:\Program Files\Common Files\Microsoft Shared\Windows Live;C:\Program Files\Intel\iCLS Client\;C:\Program Files\Dell\DW WLAN Card;;C:\Windows\system32;C:\Windows;C:\Windows\System32\Wbem;C:\Windows\System32\WindowsPowerShell\v1.0\;C:\Program Files\Intel\Intel(R) Management Engine Components\DAL;C:\Program Files\Intel\Intel(R) Management Engine Components\IPT;C:\Program Files\Dell\Dell Data Protection\Access\Advanced\Wave\Gemalto\Access Client\v5\;C:\Program Files\NTRU Cryptosystems\NTRU TCG Software Stack\bin\;C:\Program Files\Windows Live\Shared;c:\Program Files\Microsoft SQL Server\100\Tools\Binn\;c:\Program Files\Microsoft SQL Server\100\DTS\Binn\;c:\Program Files\Microsoft SQL Server\100\Tools\Binn\VSShell\Common7\IDE\;E:\Tools\jdk1.7.0_21\bin
USERNAME=JBristol
OS=Windows_NT
PROCESSOR_IDENTIFIER=x86 Family 6 Model 42 Stepping 7, GenuineIntel



---------------  S Y S T E M  ---------------

OS: Windows 7 Build 7601 Service Pack 1

CPU:total 4 (2 cores per cpu, 2 threads per core) family 6 model 42 stepping 7, cmov, cx8, fxsr, mmx, sse, sse2, sse3, ssse3, sse4.1, sse4.2, popcnt, avx, ht, tsc, tscinvbit

Memory: 4k page, physical 1959036k(525428k free), swap 3918072k(728872k free)

vm_info: Java HotSpot(TM) Client VM (23.25-b01) for windows-x86 JRE (1.7.0_25-b17), built on Jun 21 2013 13:06:48 by "java_re" with unknown MS VC++:1600

time: Sat Apr 19 17:12:28 2014
elapsed time: 17 seconds

